
> vibe-generated-app@1.0.0 dev
> vite


  VITE v5.4.20  ready in 292 ms

  ➜  Local:   http://localhost:3000/
  ➜  Network: http://172.20.14.221:3000/
12:26:09 AM [vite] Pre-transform error: Transform failed with 1 error:
/home/workspace/src/pages/Careers.jsx:10:46: ERROR: Expected "{" but found "\\"
12:26:10 AM [vite] Internal server error: Transform failed with 1 error:
/home/workspace/src/pages/Careers.jsx:10:46: ERROR: Expected "{" but found "\\"
  Plugin: vite:esbuild
  File: /home/workspace/src/pages/Careers.jsx:10:46
  
  Expected "{" but found "\\"
  8  |        <Navbar />
  9  |        <main className="mx-auto max-w-7xl px-4 sm:px-6 lg:px-8 py-16">
  10 |          <SectionHeader title={<span className=\"inline-flex items-center gap-2\"><span className=\"text-[13px] font-medium tracking-wide uppercase text-[#7f2d82] bg-[#7f2d82]/10 ring-1 ring-[#7f2d82]/20 rounded-full px-3 py-1\">Careers</span></span>} subtitle="Opportunities with Product Space" />
     |                                                ^
  11 |          <div className="mt-8 grid gap-6 md:grid-cols-2">
  12 |            {[{ role: 'Lead, Product', type: 'Student leadership', desc: 'Guide teams through product discovery and delivery.' }, { role: 'Design Fellow', type: 'Fellowship', desc: 'Craft interfaces and run usability tests.' }, { role: 'Engineering Fellow', type: 'Fellowship', desc: 'Build robust frontends and backends for real users.' }].map((r) => (
  
      at failureErrorWithLog (/home/workspace/node_modules/esbuild/lib/main.js:1472:15)
      at /home/workspace/node_modules/esbuild/lib/main.js:755:50
      at responseCallbacks.<computed> (/home/workspace/node_modules/esbuild/lib/main.js:622:9)
      at handleIncomingPacket (/home/workspace/node_modules/esbuild/lib/main.js:677:12)
      at Socket.readFromStdout (/home/workspace/node_modules/esbuild/lib/main.js:600:7)
      at Socket.emit (node:events:508:28)
      at addChunk (node:internal/streams/readable:559:12)
      at readableAddChunkPushByteMode (node:internal/streams/readable:510:3)
      at Readable.push (node:internal/streams/readable:390:5)
      at Pipe.onStreamRead (node:internal/stream_base_commons:189:23)
12:26:28 AM [vite] Internal server error: Transform failed with 1 error:
/home/workspace/src/pages/Careers.jsx:10:46: ERROR: Expected "{" but found "\\"
  Plugin: vite:esbuild
  File: /home/workspace/src/pages/Careers.jsx:10:46
  
  Expected "{" but found "\\"
  8  |        <Navbar />
  9  |        <main className="mx-auto max-w-7xl px-4 sm:px-6 lg:px-8 py-16">
  10 |          <SectionHeader title={<span className=\"inline-flex items-center gap-2\"><span className=\"text-[13px] font-medium tracking-wide uppercase text-[#7f2d82] bg-[#7f2d82]/10 ring-1 ring-[#7f2d82]/20 rounded-full px-3 py-1\">Careers</span></span>} subtitle="Opportunities with Product Space" />
     |                                                ^
  11 |          <div className="mt-8 grid gap-6 md:grid-cols-2">
  12 |            {[{ role: 'Lead, Product', type: 'Student leadership', desc: 'Guide teams through product discovery and delivery.' }, { role: 'Design Fellow', type: 'Fellowship', desc: 'Craft interfaces and run usability tests.' }, { role: 'Engineering Fellow', type: 'Fellowship', desc: 'Build robust frontends and backends for real users.' }].map((r) => (
  
      at failureErrorWithLog (/home/workspace/node_modules/esbuild/lib/main.js:1472:15)
      at /home/workspace/node_modules/esbuild/lib/main.js:755:50
      at responseCallbacks.<computed> (/home/workspace/node_modules/esbuild/lib/main.js:622:9)
      at handleIncomingPacket (/home/workspace/node_modules/esbuild/lib/main.js:677:12)
      at Socket.readFromStdout (/home/workspace/node_modules/esbuild/lib/main.js:600:7)
      at Socket.emit (node:events:508:28)
      at addChunk (node:internal/streams/readable:559:12)
      at readableAddChunkPushByteMode (node:internal/streams/readable:510:3)
      at Readable.push (node:internal/streams/readable:390:5)
      at Pipe.onStreamRead (node:internal/stream_base_commons:189:23)
